TN:
SF:app.js
FN:21,(anonymous_0)
FNF:1
FNH:0
FNDA:0,(anonymous_0)
DA:1,3
DA:2,3
DA:3,3
DA:4,3
DA:6,3
DA:9,3
DA:10,3
DA:13,3
DA:16,3
DA:17,3
DA:18,3
DA:20,3
DA:21,3
DA:22,0
LF:14
LH:13
BRDA:20,0,0,3
BRDA:20,0,1,3
BRF:2
BRH:2
end_of_record
TN:
SF:config\database.js
FN:12,(anonymous_0)
FNF:1
FNH:0
FNDA:0,(anonymous_0)
DA:1,3
DA:2,3
DA:5,3
DA:12,3
DA:13,0
DA:14,0
DA:16,0
DA:19,3
LF:8
LH:5
BRDA:13,0,0,0
BRDA:13,0,1,0
BRF:2
BRH:0
end_of_record
TN:
SF:config\swagger.js
FNF:0
FNH:0
DA:1,3
DA:525,3
LF:2
LH:2
BRF:0
BRH:0
end_of_record
TN:
SF:controllers\bookController.js
FN:4,(anonymous_0)
FN:11,(anonymous_1)
FN:18,(anonymous_2)
FN:25,(anonymous_3)
FN:32,(anonymous_4)
FNF:5
FNH:0
FNDA:0,(anonymous_0)
FNDA:0,(anonymous_1)
FNDA:0,(anonymous_2)
FNDA:0,(anonymous_3)
FNDA:0,(anonymous_4)
DA:4,3
DA:5,0
DA:11,3
DA:12,0
DA:18,3
DA:19,0
DA:25,3
DA:26,0
DA:32,3
DA:33,0
DA:36,3
LF:11
LH:6
BRF:0
BRH:0
end_of_record
TN:
SF:controllers\productController.js
FN:8,(anonymous_0)
FN:19,(anonymous_1)
FN:30,(anonymous_2)
FN:41,(anonymous_3)
FN:52,(anonymous_4)
FNF:5
FNH:0
FNDA:0,(anonymous_0)
FNDA:0,(anonymous_1)
FNDA:0,(anonymous_2)
FNDA:0,(anonymous_3)
FNDA:0,(anonymous_4)
DA:8,3
DA:9,0
DA:19,3
DA:20,0
DA:30,3
DA:31,0
DA:41,3
DA:42,0
DA:52,3
DA:53,0
DA:56,3
LF:11
LH:6
BRF:0
BRH:0
end_of_record
TN:
SF:controllers\userController.js
FN:8,(anonymous_0)
FN:19,(anonymous_1)
FN:30,(anonymous_2)
FN:41,(anonymous_3)
FN:52,(anonymous_4)
FNF:5
FNH:0
FNDA:0,(anonymous_0)
FNDA:0,(anonymous_1)
FNDA:0,(anonymous_2)
FNDA:0,(anonymous_3)
FNDA:0,(anonymous_4)
DA:8,3
DA:9,0
DA:19,3
DA:20,0
DA:30,3
DA:31,0
DA:41,3
DA:42,0
DA:52,3
DA:53,0
DA:56,3
LF:11
LH:6
BRF:0
BRH:0
end_of_record
TN:
SF:routes\bookRoutes.js
FNF:0
FNH:0
DA:1,3
DA:2,3
DA:9,3
DA:11,3
DA:12,3
DA:14,3
LF:6
LH:6
BRF:0
BRH:0
end_of_record
TN:
SF:routes\productRoutes.js
FNF:0
FNH:0
DA:1,3
DA:2,3
DA:9,3
DA:11,3
DA:12,3
DA:14,3
LF:6
LH:6
BRF:0
BRH:0
end_of_record
TN:
SF:routes\userRoutes.js
FNF:0
FNH:0
DA:1,3
DA:2,3
DA:9,3
DA:11,3
DA:12,3
DA:14,3
LF:6
LH:6
BRF:0
BRH:0
end_of_record
