TN:
SF:app.js
FN:27,(anonymous_0)
FNF:1
FNH:0
FNDA:0,(anonymous_0)
DA:1,3
DA:2,3
DA:3,3
DA:6,3
DA:7,0
DA:10,3
DA:13,3
DA:14,3
DA:17,3
DA:20,3
DA:21,3
DA:22,3
DA:25,3
DA:26,0
DA:27,0
DA:28,0
DA:32,3
LF:17
LH:13
BRDA:6,0,0,0
BRDA:6,0,1,3
BRDA:25,1,0,0
BRDA:25,1,1,3
BRDA:26,2,0,0
BRDA:26,2,1,0
BRF:6
BRH:2
end_of_record
TN:
SF:config\swagger.js
FNF:0
FNH:0
DA:1,3
DA:525,3
LF:2
LH:2
BRF:0
BRH:0
end_of_record
TN:
SF:controllers\bookController.js
FN:8,(anonymous_0)
FN:19,(anonymous_1)
FN:26,(anonymous_2)
FN:33,(anonymous_3)
FN:40,(anonymous_4)
FNF:5
FNH:3
FNDA:1,(anonymous_0)
FNDA:1,(anonymous_1)
FNDA:1,(anonymous_2)
FNDA:0,(anonymous_3)
FNDA:0,(anonymous_4)
DA:8,3
DA:9,1
DA:19,3
DA:20,1
DA:26,3
DA:27,1
DA:33,3
DA:34,0
DA:40,3
DA:41,0
DA:44,3
LF:11
LH:9
BRF:0
BRH:0
end_of_record
TN:
SF:controllers\productController.js
FN:8,(anonymous_0)
FN:19,(anonymous_1)
FN:30,(anonymous_2)
FN:41,(anonymous_3)
FN:52,(anonymous_4)
FNF:5
FNH:3
FNDA:1,(anonymous_0)
FNDA:1,(anonymous_1)
FNDA:1,(anonymous_2)
FNDA:0,(anonymous_3)
FNDA:0,(anonymous_4)
DA:8,3
DA:9,1
DA:19,3
DA:20,1
DA:30,3
DA:31,1
DA:41,3
DA:42,0
DA:52,3
DA:53,0
DA:56,3
LF:11
LH:9
BRF:0
BRH:0
end_of_record
TN:
SF:controllers\userController.js
FN:8,(anonymous_0)
FN:19,(anonymous_1)
FN:30,(anonymous_2)
FN:41,(anonymous_3)
FN:52,(anonymous_4)
FNF:5
FNH:5
FNDA:1,(anonymous_0)
FNDA:2,(anonymous_1)
FNDA:2,(anonymous_2)
FNDA:1,(anonymous_3)
FNDA:1,(anonymous_4)
DA:8,3
DA:9,1
DA:19,3
DA:20,2
DA:30,3
DA:31,2
DA:41,3
DA:42,1
DA:52,3
DA:53,1
DA:56,3
LF:11
LH:11
BRF:0
BRH:0
end_of_record
TN:
SF:routes\bookRoutes.js
FNF:0
FNH:0
DA:1,3
DA:2,3
DA:9,3
DA:11,3
DA:12,3
DA:14,3
LF:6
LH:6
BRF:0
BRH:0
end_of_record
TN:
SF:routes\productRoutes.js
FNF:0
FNH:0
DA:1,3
DA:2,3
DA:9,3
DA:11,3
DA:12,3
DA:14,3
LF:6
LH:6
BRF:0
BRH:0
end_of_record
TN:
SF:routes\userRoutes.js
FNF:0
FNH:0
DA:1,3
DA:2,3
DA:9,3
DA:11,3
DA:12,3
DA:14,3
LF:6
LH:6
BRF:0
BRH:0
end_of_record
